<?xml version="1.0" encoding="UTF-8"?>
<!-- Generated by org.testng.reporters.JUnitXMLReporter -->
<testsuite ignored="0" hostname="LTIN268674" failures="0" tests="10" name="Default test" time="0.172" errors="0" timestamp="2024-02-23T12:10:50 IST">
  <testcase classname="TestBase.BaseClass" name="@BeforeTest setupDriver" time="-1.708670450648E9">
    <failure type="org.testng.TestNGException" message="
Parameter &amp;apos;browser&amp;apos; is required by BeforeTest on method setupDriver but has not been marked @Optional or defined
in C:\Users\2303837\AppData\Local\Temp\4\testng-eclipse--1715709081\testng-customsuite.xml">
      <![CDATA[org.testng.TestNGException: 
Parameter 'browser' is required by BeforeTest on method setupDriver but has not been marked @Optional or defined
in C:\Users\2303837\AppData\Local\Temp\4\testng-eclipse--1715709081\testng-customsuite.xml
at org.testng.internal.Parameters.createParams(Parameters.java:270)
at org.testng.internal.Parameters.createParametersForMethod(Parameters.java:358)
at org.testng.internal.Parameters.createParameters(Parameters.java:700)
at org.testng.internal.Parameters.createConfigurationParameters(Parameters.java:168)
at org.testng.internal.ConfigInvoker.invokeConfigurations(ConfigInvoker.java:302)
at org.testng.TestRunner.invokeTestConfigurations(TestRunner.java:637)
at org.testng.TestRunner.beforeRun(TestRunner.java:627)
at org.testng.TestRunner.run(TestRunner.java:589)
at org.testng.SuiteRunner.runTest(SuiteRunner.java:377)
at org.testng.SuiteRunner.runSequentially(SuiteRunner.java:371)
at org.testng.SuiteRunner.privateRun(SuiteRunner.java:332)
at org.testng.SuiteRunner.run(SuiteRunner.java:276)
at org.testng.SuiteRunnerWorker.runSuite(SuiteRunnerWorker.java:53)
at org.testng.SuiteRunnerWorker.run(SuiteRunnerWorker.java:96)
at org.testng.TestNG.runSuitesSequentially(TestNG.java:1212)
at org.testng.TestNG.runSuitesLocally(TestNG.java:1134)
at org.testng.TestNG.runSuites(TestNG.java:1063)
at org.testng.TestNG.run(TestNG.java:1031)
at org.testng.remote.AbstractRemoteTestNG.run(AbstractRemoteTestNG.java:115)
at org.testng.remote.RemoteTestNG.initAndRun(RemoteTestNG.java:251)
at org.testng.remote.RemoteTestNG.main(RemoteTestNG.java:77)
]]>
    </failure>
  </testcase> <!-- @BeforeTest setupDriver -->
  <testcase classname="TestBase.BaseClass" name="@AfterTest tearDown" time="-1.708670450807E9">
    <skipped/>
  </testcase> <!-- @AfterTest tearDown -->
  <testcase classname="TestCases.TestCases" name="TC_001_findDoctors" time="0.0">
    <skipped/>
  </testcase> <!-- TC_001_findDoctors -->
  <testcase classname="TestCases.TestCases" name="TC_002_selectLocation" time="0.0">
    <skipped/>
  </testcase> <!-- TC_002_selectLocation -->
  <testcase classname="TestCases.TestCases" name="TC_003_selectProfession" time="0.0">
    <skipped/>
  </testcase> <!-- TC_003_selectProfession -->
  <testcase classname="TestCases.TestCases" name="TC_004_selectStory" time="0.0">
    <skipped/>
  </testcase> <!-- TC_004_selectStory -->
  <testcase classname="TestCases.TestCases" name="TC_005_doctorExperience" time="0.0">
    <skipped/>
  </testcase> <!-- TC_005_doctorExperience -->
  <testcase classname="TestCases.TestCases" name="TC_006_selectingDoctorFees" time="0.0">
    <skipped/>
  </testcase> <!-- TC_006_selectingDoctorFees -->
  <testcase classname="TestCases.TestCases" name="TC_007_selectingDoctorsAvailability" time="0.0">
    <skipped/>
  </testcase> <!-- TC_007_selectingDoctorsAvailability -->
  <testcase classname="TestCases.TestCases" name="TC_008_selectingSortBy" time="0.0">
    <skipped/>
  </testcase> <!-- TC_008_selectingSortBy -->
  <testcase classname="TestCases.TestCases" name="TC_009_topFiveDoctorDetails" time="0.0">
    <skipped/>
  </testcase> <!-- TC_009_topFiveDoctorDetails -->
  <testcase classname="TestCases.TestCases" name="TC_010_clickSurgery" time="0.0">
    <skipped/>
  </testcase> <!-- TC_010_clickSurgery -->
</testsuite> <!-- Default test -->
