<html>
<head>
<title>TestNG:  Test</title>
<link href="../testng.css" rel="stylesheet" type="text/css" />
<link href="../my-testng.css" rel="stylesheet" type="text/css" />

<style type="text/css">
.log { display: none;} 
.stack-trace { display: none;} 
</style>
<script type="text/javascript">
<!--
function flip(e) {
  current = e.style.display;
  if (current == 'block') {
    e.style.display = 'none';
    return 0;
  }
  else {
    e.style.display = 'block';
    return 1;
  }
}

function toggleBox(szDivId, elem, msg1, msg2)
{
  var res = -1;  if (document.getElementById) {
    res = flip(document.getElementById(szDivId));
  }
  else if (document.all) {
    // this is the way old msie versions work
    res = flip(document.all[szDivId]);
  }
  if(elem) {
    if(res == 0) elem.innerHTML = msg1; else elem.innerHTML = msg2;
  }

}

function toggleAllBoxes() {
  if (document.getElementsByTagName) {
    d = document.getElementsByTagName('div');
    for (i = 0; i < d.length; i++) {
      if (d[i].className == 'log') {
        flip(d[i]);
      }
    }
  }
}

// -->
</script>

</head>
<body>
<h2 align='center'>Test</h2><table border='1' align="center">
<tr>
<td>Tests passed/Failed/Skipped:</td><td>17/1/0</td>
</tr><tr>
<td>Started on:</td><td>Tue Mar 05 15:33:29 IST 2024</td>
</tr>
<tr><td>Total time:</td><td>392 seconds (392024 ms)</td>
</tr><tr>
<td>Included groups:</td><td></td>
</tr><tr>
<td>Excluded groups:</td><td></td>
</tr>
</table><p/>
<small><i>(Hover the method name to see the test class name)</i></small><p/>
<table width='100%' border='1' class='invocation-failed'>
<tr><td colspan='4' align='center'><b>FAILED TESTS</b></td></tr>
<tr><td><b>Test method</b></td>
<td width="30%"><b>Exception</b></td>
<td width="10%"><b>Time (seconds)</b></td>
<td><b>Instance</b></td>
</tr>
<tr>
<td title='TestCases.HealthandWellness_TestCases.TC_018_validatingThankYou()'><b>TC_018_validatingThankYou</b><br>Test class: TestCases.HealthandWellness_TestCases</td>
<td><div><pre>org.openqa.selenium.TimeoutException: Expected condition failed: waiting for visibility of Proxy element for: DefaultElementLocator &apos;By.xpath: //div[@class=&apos;u-text--bold text-alpha&apos;]&apos; (tried for 60 second(s) with 500 milliseconds interval)
	at org.openqa.selenium.support.ui.WebDriverWait.timeoutException(WebDriverWait.java:84)
	at org.openqa.selenium.support.ui.FluentWait.until(FluentWait.java:229)
	at PageObject.HealthandWellness.validateThankYou(HealthandWellness.java:132)
	at TestCases.HealthandWellness_TestCases.TC_018_validatingThankYou(HealthandWellness_TestCases.java:81)
	at java.base/java.util.ArrayList.forEach(ArrayList.java:1511)
Caused by: org.openqa.selenium.NoSuchElementException: no such element: Unable to locate element: {&quot;method&quot;:&quot;xpath&quot;,&quot;selector&quot;:&quot;//div[@class=&apos;u-text--bold text-alpha&apos;]&quot;}
  (Session info: chrome=120.0.6099.130)
For documentation on this error, please visit: https://www.selenium.dev/documentation/webdriver/troubleshooting/errors#no-such-element-exception
Build info: version: &apos;4.15.0&apos;, revision: &apos;1d14b5521b&apos;
System info: os.name: &apos;Windows 11&apos;, os.arch: &apos;amd64&apos;, os.version: &apos;10.0&apos;, java.version: &apos;17.0.9&apos;
Driver info: org.openqa.selenium.chrome.ChromeDriver
Command: [ca7ca2fbc32270f427aaa5f45f02a183, findElement {using=xpath, value=//div[@class=&apos;u-text--bold text-alpha&apos;]}]
Capabilities {acceptInsecureCerts: false, browserName: chrome, browserVersion: 120.0.6099.130, chrome: {chromedriverVersion: 120.0.6099.109 (3419140ab66..., userDataDir: C:\Windows\SystemTemp\scope...}, fedcm:accounts: true, goog:chromeOptions: {debuggerAddress: localhost:53913}, networkConnectionEnabled: false, pageLoadStrategy: normal, platformName: windows, proxy: Proxy(), se:cdp: ws://localhost:53913/devtoo..., se:cdpVersion: 120.0.6099.130, setWindowRect: true, strictFileInteractability: false, timeouts: {implicit: 0, pageLoad: 300000, script: 30000}, unhandledPromptBehavior: dismiss and notify, webauthn:extension:credBlob: true, webauthn:extension:largeBlob: true, webauthn:extension:minPinLength: true, webauthn:extension:prf: true, webauthn:virtualAuthenticators: true}
Session ID: ca7ca2fbc32270f427aaa5f45f02a183
	at org.openqa.selenium.remote.codec.w3c.W3CHttpResponseCodec.createException(W3CHttpResponseCodec.java:200)
	at org.openqa.selenium.remote.codec.w3c.W3CHttpResponseCodec.decode(W3CHttpResponseCodec.java:133)
	at org.openqa.selenium.remote.codec.w3c.W3CHttpResponseCodec.decode(W3CHttpResponseCodec.java:52)
	at org.openqa.selenium.remote.HttpCommandExecutor.execute(HttpCommandExecutor.java:191)
	at org.openqa.selenium.remote.service.DriverCommandExecutor.invokeExecute(DriverCommandExecutor.java:200)
	at org.openqa.selenium.remote.service.DriverCommandExecutor.execute(DriverCommandExecutor.java:175)
	at org.openqa.selenium.remote.RemoteWebDriver.execute(RemoteWebDriver.java:607)
	at org.openqa.selenium.remote.ElementLocation$ElementFinder$2.findElement(ElementLocation.java:165)
	at org.openqa.selenium.remote.ElementLocation.findElement(ElementLocation.java:59)
	at org.openqa.selenium.remote.RemoteWebDriver.findElement(RemoteWebDriver.java:364)
	at org.openqa.selenium.remote.RemoteWebDriver.findElement(RemoteWebDriver.java:358)
	at org.openqa.selenium.support.pagefactory.DefaultElementLocator.findElement(DefaultElementLocator.java:68)
	at org.openqa.selenium.support.pagefactory.internal.LocatingElementHandler.invoke(LocatingElementHandler.java:38)
	at jdk.proxy2/jdk.proxy2.$Proxy49.isDisplayed(Unknown Source)
	at org.openqa.selenium.support.ui.ExpectedConditions.elementIfVisible(ExpectedConditions.java:304)
	at org.openqa.selenium.support.ui.ExpectedConditions$10.apply(ExpectedConditions.java:290)
	at org.openqa.selenium.support.ui.ExpectedConditions$10.apply(ExpectedConditions.java:287)
	at org.openqa.selenium.support.ui.FluentWait.until(FluentWait.java:204)
	... 30 more
... Removed 32 stack frames</pre></div><a href='#' onClick='toggleBox("stack-trace1701756941", this, "Click to show all stack frames", "Click to hide stack frames")'>Click to show all stack frames</a>
<div class='stack-trace' id='stack-trace1701756941'><pre>org.openqa.selenium.TimeoutException: Expected condition failed: waiting for visibility of Proxy element for: DefaultElementLocator &apos;By.xpath: //div[@class=&apos;u-text--bold text-alpha&apos;]&apos; (tried for 60 second(s) with 500 milliseconds interval)
	at org.openqa.selenium.support.ui.WebDriverWait.timeoutException(WebDriverWait.java:84)
	at org.openqa.selenium.support.ui.FluentWait.until(FluentWait.java:229)
	at PageObject.HealthandWellness.validateThankYou(HealthandWellness.java:132)
	at TestCases.HealthandWellness_TestCases.TC_018_validatingThankYou(HealthandWellness_TestCases.java:81)
	at java.base/jdk.internal.reflect.NativeMethodAccessorImpl.invoke0(Native Method)
	at java.base/jdk.internal.reflect.NativeMethodAccessorImpl.invoke(NativeMethodAccessorImpl.java:77)
	at java.base/jdk.internal.reflect.DelegatingMethodAccessorImpl.invoke(DelegatingMethodAccessorImpl.java:43)
	at java.base/java.lang.reflect.Method.invoke(Method.java:568)
	at org.testng.internal.MethodInvocationHelper.invokeMethod(MethodInvocationHelper.java:133)
	at org.testng.internal.TestInvoker.invokeMethod(TestInvoker.java:598)
	at org.testng.internal.TestInvoker.invokeTestMethod(TestInvoker.java:173)
	at org.testng.internal.MethodRunner.runInSequence(MethodRunner.java:46)
	at org.testng.internal.TestInvoker$MethodInvocationAgent.invoke(TestInvoker.java:824)
	at org.testng.internal.TestInvoker.invokeTestMethods(TestInvoker.java:146)
	at org.testng.internal.TestMethodWorker.invokeTestMethods(TestMethodWorker.java:146)
	at org.testng.internal.TestMethodWorker.run(TestMethodWorker.java:128)
	at java.base/java.util.ArrayList.forEach(ArrayList.java:1511)
	at org.testng.TestRunner.privateRun(TestRunner.java:794)
	at org.testng.TestRunner.run(TestRunner.java:596)
	at org.testng.SuiteRunner.runTest(SuiteRunner.java:377)
	at org.testng.SuiteRunner.runSequentially(SuiteRunner.java:371)
	at org.testng.SuiteRunner.privateRun(SuiteRunner.java:332)
	at org.testng.SuiteRunner.run(SuiteRunner.java:276)
	at org.testng.SuiteRunnerWorker.runSuite(SuiteRunnerWorker.java:53)
	at org.testng.SuiteRunnerWorker.run(SuiteRunnerWorker.java:96)
	at org.testng.TestNG.runSuitesSequentially(TestNG.java:1212)
	at org.testng.TestNG.runSuitesLocally(TestNG.java:1134)
	at org.testng.TestNG.runSuites(TestNG.java:1063)
	at org.testng.TestNG.run(TestNG.java:1031)
	at org.testng.remote.AbstractRemoteTestNG.run(AbstractRemoteTestNG.java:115)
	at org.testng.remote.RemoteTestNG.initAndRun(RemoteTestNG.java:251)
	at org.testng.remote.RemoteTestNG.main(RemoteTestNG.java:77)
Caused by: org.openqa.selenium.NoSuchElementException: no such element: Unable to locate element: {&quot;method&quot;:&quot;xpath&quot;,&quot;selector&quot;:&quot;//div[@class=&apos;u-text--bold text-alpha&apos;]&quot;}
  (Session info: chrome=120.0.6099.130)
For documentation on this error, please visit: https://www.selenium.dev/documentation/webdriver/troubleshooting/errors#no-such-element-exception
Build info: version: &apos;4.15.0&apos;, revision: &apos;1d14b5521b&apos;
System info: os.name: &apos;Windows 11&apos;, os.arch: &apos;amd64&apos;, os.version: &apos;10.0&apos;, java.version: &apos;17.0.9&apos;
Driver info: org.openqa.selenium.chrome.ChromeDriver
Command: [ca7ca2fbc32270f427aaa5f45f02a183, findElement {using=xpath, value=//div[@class=&apos;u-text--bold text-alpha&apos;]}]
Capabilities {acceptInsecureCerts: false, browserName: chrome, browserVersion: 120.0.6099.130, chrome: {chromedriverVersion: 120.0.6099.109 (3419140ab66..., userDataDir: C:\Windows\SystemTemp\scope...}, fedcm:accounts: true, goog:chromeOptions: {debuggerAddress: localhost:53913}, networkConnectionEnabled: false, pageLoadStrategy: normal, platformName: windows, proxy: Proxy(), se:cdp: ws://localhost:53913/devtoo..., se:cdpVersion: 120.0.6099.130, setWindowRect: true, strictFileInteractability: false, timeouts: {implicit: 0, pageLoad: 300000, script: 30000}, unhandledPromptBehavior: dismiss and notify, webauthn:extension:credBlob: true, webauthn:extension:largeBlob: true, webauthn:extension:minPinLength: true, webauthn:extension:prf: true, webauthn:virtualAuthenticators: true}
Session ID: ca7ca2fbc32270f427aaa5f45f02a183
	at java.base/jdk.internal.reflect.NativeConstructorAccessorImpl.newInstance0(Native Method)
	at java.base/jdk.internal.reflect.NativeConstructorAccessorImpl.newInstance(NativeConstructorAccessorImpl.java:77)
	at java.base/jdk.internal.reflect.DelegatingConstructorAccessorImpl.newInstance(DelegatingConstructorAccessorImpl.java:45)
	at java.base/java.lang.reflect.Constructor.newInstanceWithCaller(Constructor.java:499)
	at java.base/java.lang.reflect.Constructor.newInstance(Constructor.java:480)
	at org.openqa.selenium.remote.codec.w3c.W3CHttpResponseCodec.createException(W3CHttpResponseCodec.java:200)
	at org.openqa.selenium.remote.codec.w3c.W3CHttpResponseCodec.decode(W3CHttpResponseCodec.java:133)
	at org.openqa.selenium.remote.codec.w3c.W3CHttpResponseCodec.decode(W3CHttpResponseCodec.java:52)
	at org.openqa.selenium.remote.HttpCommandExecutor.execute(HttpCommandExecutor.java:191)
	at org.openqa.selenium.remote.service.DriverCommandExecutor.invokeExecute(DriverCommandExecutor.java:200)
	at org.openqa.selenium.remote.service.DriverCommandExecutor.execute(DriverCommandExecutor.java:175)
	at org.openqa.selenium.remote.RemoteWebDriver.execute(RemoteWebDriver.java:607)
	at org.openqa.selenium.remote.ElementLocation$ElementFinder$2.findElement(ElementLocation.java:165)
	at org.openqa.selenium.remote.ElementLocation.findElement(ElementLocation.java:59)
	at org.openqa.selenium.remote.RemoteWebDriver.findElement(RemoteWebDriver.java:364)
	at org.openqa.selenium.remote.RemoteWebDriver.findElement(RemoteWebDriver.java:358)
	at org.openqa.selenium.support.pagefactory.DefaultElementLocator.findElement(DefaultElementLocator.java:68)
	at org.openqa.selenium.support.pagefactory.internal.LocatingElementHandler.invoke(LocatingElementHandler.java:38)
	at jdk.proxy2/jdk.proxy2.$Proxy49.isDisplayed(Unknown Source)
	at org.openqa.selenium.support.ui.ExpectedConditions.elementIfVisible(ExpectedConditions.java:304)
	at org.openqa.selenium.support.ui.ExpectedConditions$10.apply(ExpectedConditions.java:290)
	at org.openqa.selenium.support.ui.ExpectedConditions$10.apply(ExpectedConditions.java:287)
	at org.openqa.selenium.support.ui.FluentWait.until(FluentWait.java:204)
	... 30 more
</pre></div></td>
<td>72</td>
<td>TestCases.HealthandWellness_TestCases@65c7a252</td></tr>
</table><p>
<table width='100%' border='1' class='invocation-passed'>
<tr><td colspan='4' align='center'><b>PASSED TESTS</b></td></tr>
<tr><td><b>Test method</b></td>
<td width="30%"><b>Exception</b></td>
<td width="10%"><b>Time (seconds)</b></td>
<td><b>Instance</b></td>
</tr>
<tr>
<td title='TestCases.FindDoctors_TestCases.TC_007_selectingDoctorsAvailability()'><b>TC_007_selectingDoctorsAvailability</b><br>Test class: TestCases.FindDoctors_TestCases</td>
<td></td>
<td>5</td>
<td>TestCases.FindDoctors_TestCases@5677323c</td></tr>
<tr>
<td title='TestCases.HealthandWellness_TestCases.TC_017_fillingFormWithValidInput()'><b>TC_017_fillingFormWithValidInput</b><br>Test class: TestCases.HealthandWellness_TestCases</td>
<td></td>
<td>2</td>
<td>TestCases.HealthandWellness_TestCases@65c7a252</td></tr>
<tr>
<td title='TestCases.Surgeries_TestCases.TC_011_veryfingDirectedtoSurgeryPage()'><b>TC_011_veryfingDirectedtoSurgeryPage</b><br>Test class: TestCases.Surgeries_TestCases</td>
<td></td>
<td>0</td>
<td>TestCases.Surgeries_TestCases@18df8434</td></tr>
<tr>
<td title='TestCases.FindDoctors_TestCases.TC_008_selectingSortBy()'><b>TC_008_selectingSortBy</b><br>Test class: TestCases.FindDoctors_TestCases</td>
<td></td>
<td>43</td>
<td>TestCases.FindDoctors_TestCases@5677323c</td></tr>
<tr>
<td title='TestCases.FindDoctors_TestCases.TC_009_topFiveDoctorDetails()'><b>TC_009_topFiveDoctorDetails</b><br>Test class: TestCases.FindDoctors_TestCases</td>
<td></td>
<td>9</td>
<td>TestCases.FindDoctors_TestCases@5677323c</td></tr>
<tr>
<td title='TestCases.FindDoctors_TestCases.TC_001_findDoctors()'><b>TC_001_findDoctors</b><br>Test class: TestCases.FindDoctors_TestCases</td>
<td></td>
<td>32</td>
<td>TestCases.FindDoctors_TestCases@5677323c</td></tr>
<tr>
<td title='TestCases.FindDoctors_TestCases.TC_002_selectLocation()'><b>TC_002_selectLocation</b><br>Test class: TestCases.FindDoctors_TestCases</td>
<td></td>
<td>2</td>
<td>TestCases.FindDoctors_TestCases@5677323c</td></tr>
<tr>
<td title='TestCases.HealthandWellness_TestCases.TC_014_verifyingDirectedtoHealthAndWellnessPase()'><b>TC_014_verifyingDirectedtoHealthAndWellnessPase</b><br>Test class: TestCases.HealthandWellness_TestCases</td>
<td></td>
<td>0</td>
<td>TestCases.HealthandWellness_TestCases@65c7a252</td></tr>
<tr>
<td title='TestCases.FindDoctors_TestCases.TC_004_selectStory()'><b>TC_004_selectStory</b><br>Test class: TestCases.FindDoctors_TestCases</td>
<td></td>
<td>3</td>
<td>TestCases.FindDoctors_TestCases@5677323c</td></tr>
<tr>
<td title='TestCases.Surgeries_TestCases.TC_010_clickSurgery()'><b>TC_010_clickSurgery</b><br>Test class: TestCases.Surgeries_TestCases</td>
<td></td>
<td>3</td>
<td>TestCases.Surgeries_TestCases@18df8434</td></tr>
<tr>
<td title='TestCases.HealthandWellness_TestCases.TC_015_fillformWithInvalidNumber()'><b>TC_015_fillformWithInvalidNumber</b><br>Test class: TestCases.HealthandWellness_TestCases</td>
<td></td>
<td>2</td>
<td>TestCases.HealthandWellness_TestCases@65c7a252</td></tr>
<tr>
<td title='TestCases.FindDoctors_TestCases.TC_003_selectProfession()'><b>TC_003_selectProfession</b><br>Test class: TestCases.FindDoctors_TestCases</td>
<td></td>
<td>35</td>
<td>TestCases.FindDoctors_TestCases@5677323c</td></tr>
<tr>
<td title='TestCases.Surgeries_TestCases.TC_012_allPossibleSurgery()'><b>TC_012_allPossibleSurgery</b><br>Test class: TestCases.Surgeries_TestCases</td>
<td></td>
<td>5</td>
<td>TestCases.Surgeries_TestCases@18df8434</td></tr>
<tr>
<td title='TestCases.HealthandWellness_TestCases.TC_016_fillingformWithInvalidEmail()'><b>TC_016_fillingformWithInvalidEmail</b><br>Test class: TestCases.HealthandWellness_TestCases</td>
<td></td>
<td>3</td>
<td>TestCases.HealthandWellness_TestCases@65c7a252</td></tr>
<tr>
<td title='TestCases.FindDoctors_TestCases.TC_005_doctorExperience()'><b>TC_005_doctorExperience</b><br>Test class: TestCases.FindDoctors_TestCases</td>
<td></td>
<td>34</td>
<td>TestCases.FindDoctors_TestCases@5677323c</td></tr>
<tr>
<td title='TestCases.FindDoctors_TestCases.TC_006_selectingDoctorFees()'><b>TC_006_selectingDoctorFees</b><br>Test class: TestCases.FindDoctors_TestCases</td>
<td></td>
<td>52</td>
<td>TestCases.FindDoctors_TestCases@5677323c</td></tr>
<tr>
<td title='TestCases.HealthandWellness_TestCases.TC_013_navigatingToHealthAndWellness()'><b>TC_013_navigatingToHealthAndWellness</b><br>Test class: TestCases.HealthandWellness_TestCases</td>
<td></td>
<td>34</td>
<td>TestCases.HealthandWellness_TestCases@65c7a252</td></tr>
</table><p>
</body>
</html>