<?xml version="1.0" encoding="UTF-8"?>
<testng-results ignored="6" total="24" passed="17" failed="1" skipped="0">
  <reporter-output>
  </reporter-output>
  <suite started-at="2024-03-05T15:33:29 IST" name="Suite" finished-at="2024-03-05T15:40:01 IST" duration-ms="392024">
    <groups>
    </groups>
    <test started-at="2024-03-05T15:33:29 IST" name="Test" finished-at="2024-03-05T15:40:01 IST" duration-ms="392024">
      <class name="TestCases.HealthandWellness_TestCases">
        <test-method signature="TC_013_navigatingToHealthAndWellness()[pri:13, instance:TestCases.HealthandWellness_TestCases@65c7a252]" started-at="2024-03-05T15:38:02 IST" name="TC_013_navigatingToHealthAndWellness" finished-at="2024-03-05T15:38:37 IST" duration-ms="34620" status="PASS">
          <reporter-output>
          </reporter-output>
        </test-method> <!-- TC_013_navigatingToHealthAndWellness -->
        <test-method signature="TC_014_verifyingDirectedtoHealthAndWellnessPase()[pri:14, instance:TestCases.HealthandWellness_TestCases@65c7a252]" started-at="2024-03-05T15:38:37 IST" name="TC_014_verifyingDirectedtoHealthAndWellnessPase" finished-at="2024-03-05T15:38:37 IST" duration-ms="15" status="PASS">
          <reporter-output>
          </reporter-output>
        </test-method> <!-- TC_014_verifyingDirectedtoHealthAndWellnessPase -->
        <test-method signature="TC_015_fillformWithInvalidNumber()[pri:15, instance:TestCases.HealthandWellness_TestCases@65c7a252]" started-at="2024-03-05T15:38:37 IST" name="TC_015_fillformWithInvalidNumber" finished-at="2024-03-05T15:38:40 IST" duration-ms="2220" status="PASS">
          <reporter-output>
          </reporter-output>
        </test-method> <!-- TC_015_fillformWithInvalidNumber -->
        <test-method signature="TC_016_fillingformWithInvalidEmail()[pri:16, instance:TestCases.HealthandWellness_TestCases@65c7a252]" started-at="2024-03-05T15:38:40 IST" name="TC_016_fillingformWithInvalidEmail" finished-at="2024-03-05T15:38:43 IST" duration-ms="3279" status="PASS">
          <reporter-output>
          </reporter-output>
        </test-method> <!-- TC_016_fillingformWithInvalidEmail -->
        <test-method signature="TC_017_fillingFormWithValidInput()[pri:17, instance:TestCases.HealthandWellness_TestCases@65c7a252]" started-at="2024-03-05T15:38:44 IST" name="TC_017_fillingFormWithValidInput" finished-at="2024-03-05T15:38:46 IST" duration-ms="2703" status="PASS">
          <reporter-output>
          </reporter-output>
        </test-method> <!-- TC_017_fillingFormWithValidInput -->
        <test-method signature="TC_018_validatingThankYou()[pri:18, instance:TestCases.HealthandWellness_TestCases@65c7a252]" started-at="2024-03-05T15:38:47 IST" name="TC_018_validatingThankYou" finished-at="2024-03-05T15:40:00 IST" duration-ms="72844" status="FAIL">
          <exception class="org.openqa.selenium.TimeoutException">
            <message>
              <![CDATA[Expected condition failed: waiting for visibility of Proxy element for: DefaultElementLocator 'By.xpath: //div[@class='u-text--bold text-alpha']' (tried for 60 second(s) with 500 milliseconds interval)]]>
            </message>
            <full-stacktrace>
              <![CDATA[org.openqa.selenium.TimeoutException: Expected condition failed: waiting for visibility of Proxy element for: DefaultElementLocator 'By.xpath: //div[@class='u-text--bold text-alpha']' (tried for 60 second(s) with 500 milliseconds interval)
at org.openqa.selenium.support.ui.WebDriverWait.timeoutException(WebDriverWait.java:84)
at org.openqa.selenium.support.ui.FluentWait.until(FluentWait.java:229)
at PageObject.HealthandWellness.validateThankYou(HealthandWellness.java:132)
at TestCases.HealthandWellness_TestCases.TC_018_validatingThankYou(HealthandWellness_TestCases.java:81)
at java.base/jdk.internal.reflect.NativeMethodAccessorImpl.invoke0(Native Method)
at java.base/jdk.internal.reflect.NativeMethodAccessorImpl.invoke(NativeMethodAccessorImpl.java:77)
at java.base/jdk.internal.reflect.DelegatingMethodAccessorImpl.invoke(DelegatingMethodAccessorImpl.java:43)
at java.base/java.lang.reflect.Method.invoke(Method.java:568)
at org.testng.internal.MethodInvocationHelper.invokeMethod(MethodInvocationHelper.java:133)
at org.testng.internal.TestInvoker.invokeMethod(TestInvoker.java:598)
at org.testng.internal.TestInvoker.invokeTestMethod(TestInvoker.java:173)
at org.testng.internal.MethodRunner.runInSequence(MethodRunner.java:46)
at org.testng.internal.TestInvoker$MethodInvocationAgent.invoke(TestInvoker.java:824)
at org.testng.internal.TestInvoker.invokeTestMethods(TestInvoker.java:146)
at org.testng.internal.TestMethodWorker.invokeTestMethods(TestMethodWorker.java:146)
at org.testng.internal.TestMethodWorker.run(TestMethodWorker.java:128)
at java.base/java.util.ArrayList.forEach(ArrayList.java:1511)
at org.testng.TestRunner.privateRun(TestRunner.java:794)
at org.testng.TestRunner.run(TestRunner.java:596)
at org.testng.SuiteRunner.runTest(SuiteRunner.java:377)
at org.testng.SuiteRunner.runSequentially(SuiteRunner.java:371)
at org.testng.SuiteRunner.privateRun(SuiteRunner.java:332)
at org.testng.SuiteRunner.run(SuiteRunner.java:276)
at org.testng.SuiteRunnerWorker.runSuite(SuiteRunnerWorker.java:53)
at org.testng.SuiteRunnerWorker.run(SuiteRunnerWorker.java:96)
at org.testng.TestNG.runSuitesSequentially(TestNG.java:1212)
at org.testng.TestNG.runSuitesLocally(TestNG.java:1134)
at org.testng.TestNG.runSuites(TestNG.java:1063)
at org.testng.TestNG.run(TestNG.java:1031)
at org.testng.remote.AbstractRemoteTestNG.run(AbstractRemoteTestNG.java:115)
at org.testng.remote.RemoteTestNG.initAndRun(RemoteTestNG.java:251)
at org.testng.remote.RemoteTestNG.main(RemoteTestNG.java:77)
Caused by: org.openqa.selenium.NoSuchElementException: no such element: Unable to locate element: {"method":"xpath","selector":"//div[@class='u-text--bold text-alpha']"}
  (Session info: chrome=120.0.6099.130)
For documentation on this error, please visit: https://www.selenium.dev/documentation/webdriver/troubleshooting/errors#no-such-element-exception
Build info: version: '4.15.0', revision: '1d14b5521b'
System info: os.name: 'Windows 11', os.arch: 'amd64', os.version: '10.0', java.version: '17.0.9'
Driver info: org.openqa.selenium.chrome.ChromeDriver
Command: [ca7ca2fbc32270f427aaa5f45f02a183, findElement {using=xpath, value=//div[@class='u-text--bold text-alpha']}]
Capabilities {acceptInsecureCerts: false, browserName: chrome, browserVersion: 120.0.6099.130, chrome: {chromedriverVersion: 120.0.6099.109 (3419140ab66..., userDataDir: C:\Windows\SystemTemp\scope...}, fedcm:accounts: true, goog:chromeOptions: {debuggerAddress: localhost:53913}, networkConnectionEnabled: false, pageLoadStrategy: normal, platformName: windows, proxy: Proxy(), se:cdp: ws://localhost:53913/devtoo..., se:cdpVersion: 120.0.6099.130, setWindowRect: true, strictFileInteractability: false, timeouts: {implicit: 0, pageLoad: 300000, script: 30000}, unhandledPromptBehavior: dismiss and notify, webauthn:extension:credBlob: true, webauthn:extension:largeBlob: true, webauthn:extension:minPinLength: true, webauthn:extension:prf: true, webauthn:virtualAuthenticators: true}
Session ID: ca7ca2fbc32270f427aaa5f45f02a183
at java.base/jdk.internal.reflect.NativeConstructorAccessorImpl.newInstance0(Native Method)
at java.base/jdk.internal.reflect.NativeConstructorAccessorImpl.newInstance(NativeConstructorAccessorImpl.java:77)
at java.base/jdk.internal.reflect.DelegatingConstructorAccessorImpl.newInstance(DelegatingConstructorAccessorImpl.java:45)
at java.base/java.lang.reflect.Constructor.newInstanceWithCaller(Constructor.java:499)
at java.base/java.lang.reflect.Constructor.newInstance(Constructor.java:480)
at org.openqa.selenium.remote.codec.w3c.W3CHttpResponseCodec.createException(W3CHttpResponseCodec.java:200)
at org.openqa.selenium.remote.codec.w3c.W3CHttpResponseCodec.decode(W3CHttpResponseCodec.java:133)
at org.openqa.selenium.remote.codec.w3c.W3CHttpResponseCodec.decode(W3CHttpResponseCodec.java:52)
at org.openqa.selenium.remote.HttpCommandExecutor.execute(HttpCommandExecutor.java:191)
at org.openqa.selenium.remote.service.DriverCommandExecutor.invokeExecute(DriverCommandExecutor.java:200)
at org.openqa.selenium.remote.service.DriverCommandExecutor.execute(DriverCommandExecutor.java:175)
at org.openqa.selenium.remote.RemoteWebDriver.execute(RemoteWebDriver.java:607)
at org.openqa.selenium.remote.ElementLocation$ElementFinder$2.findElement(ElementLocation.java:165)
at org.openqa.selenium.remote.ElementLocation.findElement(ElementLocation.java:59)
at org.openqa.selenium.remote.RemoteWebDriver.findElement(RemoteWebDriver.java:364)
at org.openqa.selenium.remote.RemoteWebDriver.findElement(RemoteWebDriver.java:358)
at org.openqa.selenium.support.pagefactory.DefaultElementLocator.findElement(DefaultElementLocator.java:68)
at org.openqa.selenium.support.pagefactory.internal.LocatingElementHandler.invoke(LocatingElementHandler.java:38)
at jdk.proxy2/jdk.proxy2.$Proxy49.isDisplayed(Unknown Source)
at org.openqa.selenium.support.ui.ExpectedConditions.elementIfVisible(ExpectedConditions.java:304)
at org.openqa.selenium.support.ui.ExpectedConditions$10.apply(ExpectedConditions.java:290)
at org.openqa.selenium.support.ui.ExpectedConditions$10.apply(ExpectedConditions.java:287)
at org.openqa.selenium.support.ui.FluentWait.until(FluentWait.java:204)
... 30 more
]]>
            </full-stacktrace>
          </exception> <!-- org.openqa.selenium.TimeoutException -->
          <reporter-output>
          </reporter-output>
        </test-method> <!-- TC_018_validatingThankYou -->
      </class> <!-- TestCases.HealthandWellness_TestCases -->
      <class name="TestCases.Surgeries_TestCases">
        <test-method signature="TC_010_clickSurgery()[pri:10, instance:TestCases.Surgeries_TestCases@18df8434]" started-at="2024-03-05T15:37:51 IST" name="TC_010_clickSurgery" finished-at="2024-03-05T15:37:55 IST" duration-ms="3342" status="PASS">
          <reporter-output>
          </reporter-output>
        </test-method> <!-- TC_010_clickSurgery -->
        <test-method signature="TC_011_veryfingDirectedtoSurgeryPage()[pri:11, instance:TestCases.Surgeries_TestCases@18df8434]" started-at="2024-03-05T15:37:55 IST" name="TC_011_veryfingDirectedtoSurgeryPage" finished-at="2024-03-05T15:37:55 IST" duration-ms="85" status="PASS">
          <reporter-output>
          </reporter-output>
        </test-method> <!-- TC_011_veryfingDirectedtoSurgeryPage -->
        <test-method signature="TC_012_allPossibleSurgery()[pri:12, instance:TestCases.Surgeries_TestCases@18df8434]" started-at="2024-03-05T15:37:56 IST" name="TC_012_allPossibleSurgery" finished-at="2024-03-05T15:38:02 IST" duration-ms="5840" status="PASS">
          <reporter-output>
          </reporter-output>
        </test-method> <!-- TC_012_allPossibleSurgery -->
      </class> <!-- TestCases.Surgeries_TestCases -->
      <class name="TestCases.FindDoctors_TestCases">
        <test-method signature="TC_001_findDoctors()[pri:1, instance:TestCases.FindDoctors_TestCases@5677323c]" started-at="2024-03-05T15:34:10 IST" name="TC_001_findDoctors" finished-at="2024-03-05T15:34:42 IST" duration-ms="32211" status="PASS">
          <reporter-output>
          </reporter-output>
        </test-method> <!-- TC_001_findDoctors -->
        <test-method signature="TC_002_selectLocation()[pri:2, instance:TestCases.FindDoctors_TestCases@5677323c]" started-at="2024-03-05T15:34:42 IST" name="TC_002_selectLocation" finished-at="2024-03-05T15:34:45 IST" duration-ms="2801" status="PASS">
          <reporter-output>
          </reporter-output>
        </test-method> <!-- TC_002_selectLocation -->
        <test-method signature="TC_003_selectProfession()[pri:3, instance:TestCases.FindDoctors_TestCases@5677323c]" started-at="2024-03-05T15:34:45 IST" name="TC_003_selectProfession" finished-at="2024-03-05T15:35:21 IST" duration-ms="35055" status="PASS">
          <reporter-output>
          </reporter-output>
        </test-method> <!-- TC_003_selectProfession -->
        <test-method signature="TC_004_selectStory()[pri:4, instance:TestCases.FindDoctors_TestCases@5677323c]" started-at="2024-03-05T15:35:21 IST" name="TC_004_selectStory" finished-at="2024-03-05T15:35:24 IST" duration-ms="3302" status="PASS">
          <reporter-output>
          </reporter-output>
        </test-method> <!-- TC_004_selectStory -->
        <test-method signature="TC_005_doctorExperience()[pri:5, instance:TestCases.FindDoctors_TestCases@5677323c]" started-at="2024-03-05T15:35:24 IST" name="TC_005_doctorExperience" finished-at="2024-03-05T15:35:59 IST" duration-ms="34847" status="PASS">
          <reporter-output>
          </reporter-output>
        </test-method> <!-- TC_005_doctorExperience -->
        <test-method signature="TC_006_selectingDoctorFees()[pri:6, instance:TestCases.FindDoctors_TestCases@5677323c]" started-at="2024-03-05T15:36:00 IST" name="TC_006_selectingDoctorFees" finished-at="2024-03-05T15:36:52 IST" duration-ms="52657" status="PASS">
          <reporter-output>
          </reporter-output>
        </test-method> <!-- TC_006_selectingDoctorFees -->
        <test-method signature="TC_007_selectingDoctorsAvailability()[pri:7, instance:TestCases.FindDoctors_TestCases@5677323c]" started-at="2024-03-05T15:36:53 IST" name="TC_007_selectingDoctorsAvailability" finished-at="2024-03-05T15:36:58 IST" duration-ms="5287" status="PASS">
          <reporter-output>
          </reporter-output>
        </test-method> <!-- TC_007_selectingDoctorsAvailability -->
        <test-method signature="TC_008_selectingSortBy()[pri:8, instance:TestCases.FindDoctors_TestCases@5677323c]" started-at="2024-03-05T15:36:58 IST" name="TC_008_selectingSortBy" finished-at="2024-03-05T15:37:41 IST" duration-ms="43333" status="PASS">
          <reporter-output>
          </reporter-output>
        </test-method> <!-- TC_008_selectingSortBy -->
        <test-method signature="TC_009_topFiveDoctorDetails()[pri:9, instance:TestCases.FindDoctors_TestCases@5677323c]" started-at="2024-03-05T15:37:42 IST" name="TC_009_topFiveDoctorDetails" finished-at="2024-03-05T15:37:51 IST" duration-ms="9335" status="PASS">
          <reporter-output>
          </reporter-output>
        </test-method> <!-- TC_009_topFiveDoctorDetails -->
      </class> <!-- TestCases.FindDoctors_TestCases -->
      <class name="TestBase.BaseClass">
        <test-method is-config="true" signature="setupDriver(java.lang.String,java.lang.String)[pri:0, instance:TestBase.BaseClass@534a5a98]" started-at="2024-03-05T15:33:30 IST" name="setupDriver" finished-at="2024-03-05T15:34:10 IST" duration-ms="39567" status="PASS">
          <params>
            <param index="0">
              <value>
                <![CDATA[windows]]>
              </value>
            </param>
            <param index="1">
              <value>
                <![CDATA[chrome]]>
              </value>
            </param>
          </params>
          <reporter-output>
          </reporter-output>
        </test-method> <!-- setupDriver -->
        <test-method is-config="true" signature="tearDown()[pri:0, instance:TestBase.BaseClass@534a5a98]" started-at="2024-03-05T15:40:00 IST" name="tearDown" finished-at="2024-03-05T15:40:01 IST" duration-ms="1302" status="PASS">
          <reporter-output>
          </reporter-output>
        </test-method> <!-- tearDown -->
      </class> <!-- TestBase.BaseClass -->
    </test> <!-- Test -->
  </suite> <!-- Suite -->
</testng-results>
