<?xml version="1.0" encoding="UTF-8"?>
<!-- Generated by org.testng.reporters.JUnitReportReporter -->
<testsuite hostname="DESKTOP-IA3DDQ9" failures="0" tests="37" name="TestCases.TestCases" time="71.167" errors="1" timestamp="2024-02-24T16:19:08 IST" skipped="18">
  <testcase classname="TestCases.TestCases" name="setupDriver" time="13.958">
    <error message="Could not start a new session. Response code 500. Message: session not created: This version of Microsoft Edge WebDriver only supports Microsoft Edge version 119
Current browser version is 121.0.2277.128 with binary path C:\Program Files (x86)\Microsoft\Edge\Application\msedge.exe 
Host info: host: &#039;DESKTOP-IA3DDQ9&#039;, ip: &#039;192.168.1.4&#039;
Build info: version: &#039;4.15.0&#039;, revision: &#039;1d14b5521b&#039;
System info: os.name: &#039;Windows 10&#039;, os.arch: &#039;amd64&#039;, os.version: &#039;10.0&#039;, java.version: &#039;17.0.6&#039;
Driver info: org.openqa.selenium.edge.EdgeDriver
Command: [null, newSession {capabilities=[Capabilities {browserName: MicrosoftEdge, ms:edgeOptions: {args: [], binary: C:\Program Files (x86)\Micr..., extensions: []}}]}]" type="org.openqa.selenium.SessionNotCreatedException">
      <![CDATA[org.openqa.selenium.SessionNotCreatedException: Could not start a new session. Response code 500. Message: session not created: This version of Microsoft Edge WebDriver only supports Microsoft Edge version 119
Current browser version is 121.0.2277.128 with binary path C:\Program Files (x86)\Microsoft\Edge\Application\msedge.exe 
Host info: host: 'DESKTOP-IA3DDQ9', ip: '192.168.1.4'
Build info: version: '4.15.0', revision: '1d14b5521b'
System info: os.name: 'Windows 10', os.arch: 'amd64', os.version: '10.0', java.version: '17.0.6'
Driver info: org.openqa.selenium.edge.EdgeDriver
Command: [null, newSession {capabilities=[Capabilities {browserName: MicrosoftEdge, ms:edgeOptions: {args: [], binary: C:\Program Files (x86)\Micr..., extensions: []}}]}]
at org.openqa.selenium.remote.ProtocolHandshake.createSession(ProtocolHandshake.java:140)
at org.openqa.selenium.remote.ProtocolHandshake.createSession(ProtocolHandshake.java:96)
at org.openqa.selenium.remote.ProtocolHandshake.createSession(ProtocolHandshake.java:68)
at org.openqa.selenium.remote.HttpCommandExecutor.execute(HttpCommandExecutor.java:163)
at org.openqa.selenium.remote.service.DriverCommandExecutor.invokeExecute(DriverCommandExecutor.java:200)
at org.openqa.selenium.remote.service.DriverCommandExecutor.execute(DriverCommandExecutor.java:175)
at org.openqa.selenium.remote.RemoteWebDriver.execute(RemoteWebDriver.java:607)
at org.openqa.selenium.remote.RemoteWebDriver.startSession(RemoteWebDriver.java:241)
at org.openqa.selenium.remote.RemoteWebDriver.<init>(RemoteWebDriver.java:168)
at org.openqa.selenium.chromium.ChromiumDriver.<init>(ChromiumDriver.java:108)
at org.openqa.selenium.edge.EdgeDriver.<init>(EdgeDriver.java:61)
at org.openqa.selenium.edge.EdgeDriver.<init>(EdgeDriver.java:57)
at org.openqa.selenium.edge.EdgeDriver.<init>(EdgeDriver.java:49)
at org.openqa.selenium.edge.EdgeDriver.<init>(EdgeDriver.java:45)
at TestBase.BaseClass.setupDriver(BaseClass.java:45)
at java.base/jdk.internal.reflect.NativeMethodAccessorImpl.invoke0(Native Method)
at java.base/jdk.internal.reflect.NativeMethodAccessorImpl.invoke(NativeMethodAccessorImpl.java:77)
at java.base/jdk.internal.reflect.DelegatingMethodAccessorImpl.invoke(DelegatingMethodAccessorImpl.java:43)
at java.base/java.lang.reflect.Method.invoke(Method.java:568)
at org.testng.internal.invokers.MethodInvocationHelper.invokeMethod(MethodInvocationHelper.java:139)
at org.testng.internal.invokers.MethodInvocationHelper.invokeMethodConsideringTimeout(MethodInvocationHelper.java:69)
at org.testng.internal.invokers.ConfigInvoker.invokeConfigurationMethod(ConfigInvoker.java:393)
at org.testng.internal.invokers.ConfigInvoker.invokeConfigurations(ConfigInvoker.java:326)
at org.testng.TestRunner.invokeTestConfigurations(TestRunner.java:661)
at org.testng.TestRunner.beforeRun(TestRunner.java:650)
at org.testng.TestRunner.run(TestRunner.java:612)
at org.testng.SuiteRunner.runTest(SuiteRunner.java:443)
at org.testng.SuiteRunner$SuiteWorker.run(SuiteRunner.java:481)
at org.testng.internal.thread.ThreadUtil.lambda$execute$0(ThreadUtil.java:58)
at java.base/java.util.concurrent.FutureTask.run(FutureTask.java:264)
at java.base/java.util.concurrent.ThreadPoolExecutor.runWorker(ThreadPoolExecutor.java:1136)
at java.base/java.util.concurrent.ThreadPoolExecutor$Worker.run(ThreadPoolExecutor.java:635)
at java.base/java.lang.Thread.run(Thread.java:833)
]]>
    </error>
  </testcase> <!-- setupDriver -->
  <testcase classname="TestCases.TestCases" name="TC_001_findDoctors" time="4.171"/>
  <testcase classname="TestCases.TestCases" name="TC_001_findDoctors" time="0.001">
    <skipped/>
  </testcase> <!-- TC_001_findDoctors -->
  <testcase classname="TestCases.TestCases" name="TC_002_selectLocation" time="1.367"/>
  <testcase classname="TestCases.TestCases" name="TC_002_selectLocation" time="0.000">
    <skipped/>
  </testcase> <!-- TC_002_selectLocation -->
  <testcase classname="TestCases.TestCases" name="TC_003_selectProfession" time="0.001">
    <skipped/>
  </testcase> <!-- TC_003_selectProfession -->
  <testcase classname="TestCases.TestCases" name="TC_003_selectProfession" time="3.850"/>
  <testcase classname="TestCases.TestCases" name="TC_004_selectStory" time="3.274"/>
  <testcase classname="TestCases.TestCases" name="TC_004_selectStory" time="0.000">
    <skipped/>
  </testcase> <!-- TC_004_selectStory -->
  <testcase classname="TestCases.TestCases" name="TC_005_doctorExperience" time="5.208"/>
  <testcase classname="TestCases.TestCases" name="TC_005_doctorExperience" time="0.000">
    <skipped/>
  </testcase> <!-- TC_005_doctorExperience -->
  <testcase classname="TestCases.TestCases" name="TC_006_selectingDoctorFees" time="5.314"/>
  <testcase classname="TestCases.TestCases" name="TC_006_selectingDoctorFees" time="0.000">
    <skipped/>
  </testcase> <!-- TC_006_selectingDoctorFees -->
  <testcase classname="TestCases.TestCases" name="TC_007_selectingDoctorsAvailability" time="0.000">
    <skipped/>
  </testcase> <!-- TC_007_selectingDoctorsAvailability -->
  <testcase classname="TestCases.TestCases" name="TC_007_selectingDoctorsAvailability" time="5.216"/>
  <testcase classname="TestCases.TestCases" name="TC_008_selectingSortBy" time="6.486"/>
  <testcase classname="TestCases.TestCases" name="TC_008_selectingSortBy" time="0.000">
    <skipped/>
  </testcase> <!-- TC_008_selectingSortBy -->
  <testcase classname="TestCases.TestCases" name="TC_009_topFiveDoctorDetails" time="0.000">
    <skipped/>
  </testcase> <!-- TC_009_topFiveDoctorDetails -->
  <testcase classname="TestCases.TestCases" name="TC_009_topFiveDoctorDetails" time="7.014"/>
  <testcase classname="TestCases.TestCases" name="TC_010_clickSurgery" time="1.287"/>
  <testcase classname="TestCases.TestCases" name="TC_010_clickSurgery" time="0.000">
    <skipped/>
  </testcase> <!-- TC_010_clickSurgery -->
  <testcase classname="TestCases.TestCases" name="TC_011_veryfingDirectedtoSurgeryPage" time="0.000">
    <skipped/>
  </testcase> <!-- TC_011_veryfingDirectedtoSurgeryPage -->
  <testcase classname="TestCases.TestCases" name="TC_011_veryfingDirectedtoSurgeryPage" time="0.238"/>
  <testcase classname="TestCases.TestCases" name="TC_012_allPossibleSurgery" time="0.000">
    <skipped/>
  </testcase> <!-- TC_012_allPossibleSurgery -->
  <testcase classname="TestCases.TestCases" name="TC_012_allPossibleSurgery" time="2.521"/>
  <testcase classname="TestCases.TestCases" name="TC_013_navigatingToHealthAndWellness" time="0.000">
    <skipped/>
  </testcase> <!-- TC_013_navigatingToHealthAndWellness -->
  <testcase classname="TestCases.TestCases" name="TC_013_navigatingToHealthAndWellness" time="3.776"/>
  <testcase classname="TestCases.TestCases" name="TC_014_verifyingDirectedtoHealthAndWellnessPase" time="0.011">
    <skipped/>
  </testcase> <!-- TC_014_verifyingDirectedtoHealthAndWellnessPase -->
  <testcase classname="TestCases.TestCases" name="TC_014_verifyingDirectedtoHealthAndWellnessPase" time="0.087"/>
  <testcase classname="TestCases.TestCases" name="TC_015_fillformWithInvalidNumber" time="0.000">
    <skipped/>
  </testcase> <!-- TC_015_fillformWithInvalidNumber -->
  <testcase classname="TestCases.TestCases" name="TC_015_fillformWithInvalidNumber" time="2.013"/>
  <testcase classname="TestCases.TestCases" name="TC_016_fillingformWithInvalidEmail" time="2.927"/>
  <testcase classname="TestCases.TestCases" name="TC_016_fillingformWithInvalidEmail" time="0.000">
    <skipped/>
  </testcase> <!-- TC_016_fillingformWithInvalidEmail -->
  <testcase classname="TestCases.TestCases" name="TC_017_fillingFormWithValidInput" time="2.326"/>
  <testcase classname="TestCases.TestCases" name="TC_017_fillingFormWithValidInput" time="0.000">
    <skipped/>
  </testcase> <!-- TC_017_fillingFormWithValidInput -->
  <testcase classname="TestCases.TestCases" name="TC_018_validatingThankYou" time="0.002">
    <skipped/>
  </testcase> <!-- TC_018_validatingThankYou -->
  <testcase classname="TestCases.TestCases" name="TC_018_validatingThankYou" time="0.119"/>
</testsuite> <!-- TestCases.TestCases -->
